build/app/intermediates/manifest_merge_blame_file/debug/manifest-merger-blame-debug-report.txt
1<?xml version="1.0" encoding="utf-8"?>
2<manifest xmlns:android="http://schemas.android.com/apk/res/android"
3    package="com.example.uirp"
4    android:versionCode="1"
5    android:versionName="1.0.0" >
6
7    <uses-sdk
8        android:minSdkVersion="23"
9        android:targetSdkVersion="30" />
10    <!--
11         Flutter needs it to communicate with the running application
12         to allow setting breakpoints, to provide hot reload, etc.
13    -->
14    <uses-permission android:name="android.permission.INTERNET" />
14-->src\debug\AndroidManifest.xml:6:5-66
14-->src\debug\AndroidManifest.xml:6:22-64
15    <uses-permission android:name="android.permission.WRITE_EXTERNAL_STORAGE" />
15-->src\debug\AndroidManifest.xml:7:5-80
15-->src\debug\AndroidManifest.xml:7:22-78
16    <uses-permission android:name="android.permission.READ_EXTERNAL_STORAGE" />
16-->src\debug\AndroidManifest.xml:8:5-79
16-->src\debug\AndroidManifest.xml:8:22-77
17    <uses-permission android:name="android.permission.CAMERA" />
17-->[:camera] AndroidManifest.xml:7:5-65
17-->[:camera] AndroidManifest.xml:7:22-62
18    <uses-permission android:name="android.permission.RECORD_AUDIO" /> <!-- Include required permissions for Google Maps API to run. -->
18-->[:camera] AndroidManifest.xml:8:5-71
18-->[:camera] AndroidManifest.xml:8:22-68
19    <uses-permission android:name="android.permission.ACCESS_NETWORK_STATE" />
19-->[com.google.android.gms:play-services-maps:17.0.0] AndroidManifest.xml:23:5-79
19-->[com.google.android.gms:play-services-maps:17.0.0] AndroidManifest.xml:23:22-76
20
21    <uses-feature
21-->[com.google.android.gms:play-services-maps:17.0.0] AndroidManifest.xml:26:5-28:35
22        android:glEsVersion="0x00020000"
22-->[com.google.android.gms:play-services-maps:17.0.0] AndroidManifest.xml:27:9-41
23        android:required="true" /> <!-- Don't require camera, as this requires a rear camera. This allows it to work on the Nexus 7 -->
23-->[com.google.android.gms:play-services-maps:17.0.0] AndroidManifest.xml:28:9-32
24    <uses-feature
24-->[com.journeyapps:zxing-android-embedded:4.1.0] AndroidManifest.xml:25:5-27:36
25        android:name="android.hardware.camera"
25-->[com.journeyapps:zxing-android-embedded:4.1.0] AndroidManifest.xml:26:9-47
26        android:required="false" />
26-->[com.journeyapps:zxing-android-embedded:4.1.0] AndroidManifest.xml:27:9-33
27    <uses-feature
27-->[com.journeyapps:zxing-android-embedded:4.1.0] AndroidManifest.xml:28:5-30:36
28        android:name="android.hardware.camera.front"
28-->[com.journeyapps:zxing-android-embedded:4.1.0] AndroidManifest.xml:29:9-53
29        android:required="false" /> <!-- TODO replace above two with next line after Android 4.2 -->
29-->[com.journeyapps:zxing-android-embedded:4.1.0] AndroidManifest.xml:30:9-33
30    <!-- <uses-feature android:name="android.hardware.camera.any"/> -->
31    <uses-feature
31-->[com.journeyapps:zxing-android-embedded:4.1.0] AndroidManifest.xml:33:5-35:36
32        android:name="android.hardware.camera.autofocus"
32-->[com.journeyapps:zxing-android-embedded:4.1.0] AndroidManifest.xml:34:9-57
33        android:required="false" />
33-->[com.journeyapps:zxing-android-embedded:4.1.0] AndroidManifest.xml:35:9-33
34    <uses-feature
34-->[com.journeyapps:zxing-android-embedded:4.1.0] AndroidManifest.xml:36:5-38:36
35        android:name="android.hardware.camera.flash"
35-->[com.journeyapps:zxing-android-embedded:4.1.0] AndroidManifest.xml:37:9-53
36        android:required="false" />
36-->[com.journeyapps:zxing-android-embedded:4.1.0] AndroidManifest.xml:38:9-33
37    <uses-feature
37-->[com.journeyapps:zxing-android-embedded:4.1.0] AndroidManifest.xml:39:5-41:36
38        android:name="android.hardware.screen.landscape"
38-->[com.journeyapps:zxing-android-embedded:4.1.0] AndroidManifest.xml:40:9-57
39        android:required="false" />
39-->[com.journeyapps:zxing-android-embedded:4.1.0] AndroidManifest.xml:41:9-33
40    <uses-feature
40-->[com.journeyapps:zxing-android-embedded:4.1.0] AndroidManifest.xml:42:5-44:36
41        android:name="android.hardware.wifi"
41-->[com.journeyapps:zxing-android-embedded:4.1.0] AndroidManifest.xml:43:9-45
42        android:required="false" />
42-->[com.journeyapps:zxing-android-embedded:4.1.0] AndroidManifest.xml:44:9-33
43
44    <application
44-->src\main\AndroidManifest.xml:5:4-40:19
45        android:appComponentFactory="androidx.core.app.CoreComponentFactory"
45-->[androidx.core:core:1.5.0] AndroidManifest.xml:24:18-86
46        android:debuggable="true"
47        android:extractNativeLibs="false"
48        android:icon="@mipmap/ic_launcher"
48-->src\main\AndroidManifest.xml:5:38-72
49        android:label="uirp" >
49-->src\main\AndroidManifest.xml:5:17-37
50        <activity
50-->src\main\AndroidManifest.xml:6:9-36:20
51            android:name="com.example.uirp.MainActivity"
51-->src\main\AndroidManifest.xml:7:7-35
52            android:configChanges="orientation|keyboardHidden|keyboard|screenSize|smallestScreenSize|locale|layoutDirection|fontScale|screenLayout|density|uiMode"
52-->src\main\AndroidManifest.xml:10:7-157
53            android:hardwareAccelerated="true"
53-->src\main\AndroidManifest.xml:11:7-41
54            android:launchMode="singleTop"
54-->src\main\AndroidManifest.xml:8:7-37
55            android:requestLegacyExternalStorage="true"
55-->src\main\AndroidManifest.xml:12:7-50
56            android:theme="@style/LaunchTheme"
56-->src\main\AndroidManifest.xml:9:7-41
57            android:windowSoftInputMode="adjustResize" >
57-->src\main\AndroidManifest.xml:13:7-49
58
59            <!--
60                 Specifies an Android theme to apply to this Activity as soon as
61                 the Android process has started. This theme is visible to the user
62                 while the Flutter UI initializes. After that, this theme continues
63                 to determine the Window background behind the Flutter UI.
64            -->
65            <meta-data
65-->src\main\AndroidManifest.xml:19:13-22:9
66                android:name="io.flutter.embedding.android.NormalTheme"
66-->src\main\AndroidManifest.xml:20:9-64
67                android:resource="@style/NormalTheme" />
67-->src\main\AndroidManifest.xml:21:9-46
68            <!--
69                 Displays an Android View that continues showing the launch screen
70                 Drawable until Flutter paints its first frame, then this splash
71                 screen fades out. A splash screen is useful to avoid any visual
72                 gap between the end of Android's launch screen and the painting of
73                 Flutter's first frame.
74            -->
75            <meta-data
75-->src\main\AndroidManifest.xml:28:13-31:9
76                android:name="io.flutter.embedding.android.SplashScreenDrawable"
76-->src\main\AndroidManifest.xml:29:9-73
77                android:resource="@drawable/launch_background" />
77-->src\main\AndroidManifest.xml:30:9-55
78
79            <intent-filter>
79-->src\main\AndroidManifest.xml:32:13-35:29
80                <action android:name="android.intent.action.MAIN" />
80-->src\main\AndroidManifest.xml:33:17-69
80-->src\main\AndroidManifest.xml:33:25-66
81
82                <category android:name="android.intent.category.LAUNCHER" />
82-->src\main\AndroidManifest.xml:34:17-77
82-->src\main\AndroidManifest.xml:34:27-74
83            </intent-filter>
84        </activity>
85        <!--
86             Don't delete the meta-data below.
87             This is used by the Flutter tool to generate GeneratedPluginRegistrant.java
88        -->
89        <meta-data
89-->src\main\AndroidManifest.xml:39:9-72
90            android:name="flutterEmbedding"
90-->src\main\AndroidManifest.xml:39:20-51
91            android:value="2" />
91-->src\main\AndroidManifest.xml:39:52-69
92
93        <provider
93-->[:image_picker] AndroidManifest.xml:8:9-16:20
94            android:name="io.flutter.plugins.imagepicker.ImagePickerFileProvider"
94-->[:image_picker] AndroidManifest.xml:9:13-82
95            android:authorities="com.example.uirp.flutter.image_provider"
95-->[:image_picker] AndroidManifest.xml:10:13-74
96            android:exported="false"
96-->[:image_picker] AndroidManifest.xml:11:13-37
97            android:grantUriPermissions="true" >
97-->[:image_picker] AndroidManifest.xml:12:13-47
98            <meta-data
98-->[:image_picker] AndroidManifest.xml:13:13-15:75
99                android:name="android.support.FILE_PROVIDER_PATHS"
99-->[:image_picker] AndroidManifest.xml:14:17-67
100                android:resource="@xml/flutter_image_picker_file_paths" />
100-->[:image_picker] AndroidManifest.xml:15:17-72
101        </provider>
102
103        <activity android:name="de.mintware.barcode_scan.BarcodeScannerActivity" /> <!-- Needs to be explicitly declared on P+ -->
103-->[:barcode_scan] AndroidManifest.xml:14:9-84
103-->[:barcode_scan] AndroidManifest.xml:14:19-81
104        <uses-library
104-->[com.google.android.gms:play-services-maps:17.0.0] AndroidManifest.xml:33:9-35:40
105            android:name="org.apache.http.legacy"
105-->[com.google.android.gms:play-services-maps:17.0.0] AndroidManifest.xml:34:13-50
106            android:required="false" />
106-->[com.google.android.gms:play-services-maps:17.0.0] AndroidManifest.xml:35:13-37
107
108        <activity
108-->[com.google.android.gms:play-services-base:17.0.0] AndroidManifest.xml:23:9-26:75
109            android:name="com.google.android.gms.common.api.GoogleApiActivity"
109-->[com.google.android.gms:play-services-base:17.0.0] AndroidManifest.xml:24:13-79
110            android:exported="false"
110-->[com.google.android.gms:play-services-base:17.0.0] AndroidManifest.xml:25:13-37
111            android:theme="@android:style/Theme.Translucent.NoTitleBar" />
111-->[com.google.android.gms:play-services-base:17.0.0] AndroidManifest.xml:26:13-72
112
113        <meta-data
113-->[com.google.android.gms:play-services-basement:17.0.0] AndroidManifest.xml:23:9-25:69
114            android:name="com.google.android.gms.version"
114-->[com.google.android.gms:play-services-basement:17.0.0] AndroidManifest.xml:24:13-58
115            android:value="@integer/google_play_services_version" />
115-->[com.google.android.gms:play-services-basement:17.0.0] AndroidManifest.xml:25:13-66
116
117        <activity
117-->[com.journeyapps:zxing-android-embedded:4.1.0] AndroidManifest.xml:47:9-53:63
118            android:name="com.journeyapps.barcodescanner.CaptureActivity"
118-->[com.journeyapps:zxing-android-embedded:4.1.0] AndroidManifest.xml:48:13-74
119            android:clearTaskOnLaunch="true"
119-->[com.journeyapps:zxing-android-embedded:4.1.0] AndroidManifest.xml:49:13-45
120            android:screenOrientation="sensorLandscape"
120-->[com.journeyapps:zxing-android-embedded:4.1.0] AndroidManifest.xml:50:13-56
121            android:stateNotNeeded="true"
121-->[com.journeyapps:zxing-android-embedded:4.1.0] AndroidManifest.xml:51:13-42
122            android:theme="@style/zxing_CaptureTheme"
122-->[com.journeyapps:zxing-android-embedded:4.1.0] AndroidManifest.xml:52:13-54
123            android:windowSoftInputMode="stateAlwaysHidden" />
123-->[com.journeyapps:zxing-android-embedded:4.1.0] AndroidManifest.xml:53:13-60
124    </application>
125
126</manifest>